2026-05-04 17:10:25.056 [main] INFO  o.s.b.w.e.tomcat.TomcatWebServer [] - Tomcat initialized with port 8080 (http)
2026-05-04 17:10:25.073 [main] INFO  o.a.catalina.core.StandardService [] - Starting service [Tomcat]
2026-05-04 17:10:25.074 [main] INFO  o.a.catalina.core.StandardEngine [] - Starting Servlet engine: [Apache Tomcat/10.1.20]
2026-05-04 17:10:25.171 [main] INFO  o.a.c.c.C.[Tomcat].[localhost].[/] [] - Initializing Spring embedded WebApplicationContext
2026-05-04 17:10:25.171 [main] INFO  o.s.b.w.s.c.ServletWebServerApplicationContext [] - Root WebApplicationContext: initialization completed in 1592 ms
2026-05-04 17:10:26.080 [main] INFO  o.s.b.a.e.web.EndpointLinksResolver [] - Exposing 1 endpoint(s) beneath base path '/actuator'
2026-05-04 17:10:26.165 [main] INFO  o.s.b.w.e.tomcat.TomcatWebServer [] - Tomcat started on port 8080 (http) with context path ''
2026-05-04 17:10:39.061 [http-nio-8080-exec-1] INFO  o.a.c.c.C.[Tomcat].[localhost].[/] [] - Initializing Spring DispatcherServlet 'dispatcherServlet'
2026-05-04 17:10:39.063 [http-nio-8080-exec-1] INFO  o.s.web.servlet.DispatcherServlet [] - Initializing Servlet 'dispatcherServlet'
2026-05-04 17:10:39.066 [http-nio-8080-exec-1] INFO  o.s.web.servlet.DispatcherServlet [] - Completed initialization in 2 ms
2026-05-04 17:13:22.860 [main] INFO  o.s.b.w.e.tomcat.TomcatWebServer [] - Tomcat initialized with port 8080 (http)
2026-05-04 17:13:22.873 [main] INFO  o.a.catalina.core.StandardService [] - Starting service [Tomcat]
2026-05-04 17:13:22.873 [main] INFO  o.a.catalina.core.StandardEngine [] - Starting Servlet engine: [Apache Tomcat/10.1.20]
2026-05-04 17:13:22.945 [main] INFO  o.a.c.c.C.[Tomcat].[localhost].[/] [] - Initializing Spring embedded WebApplicationContext
2026-05-04 17:13:22.946 [main] INFO  o.s.b.w.s.c.ServletWebServerApplicationContext [] - Root WebApplicationContext: initialization completed in 1323 ms
2026-05-04 17:13:23.591 [main] INFO  o.s.b.a.e.web.EndpointLinksResolver [] - Exposing 1 endpoint(s) beneath base path '/actuator'
2026-05-04 17:13:23.658 [main] INFO  o.s.b.w.e.tomcat.TomcatWebServer [] - Tomcat started on port 8080 (http) with context path ''
2026-05-04 17:13:40.684 [http-nio-8080-exec-1] INFO  o.a.c.c.C.[Tomcat].[localhost].[/] [] - Initializing Spring DispatcherServlet 'dispatcherServlet'
2026-05-04 17:13:40.685 [http-nio-8080-exec-1] INFO  o.s.web.servlet.DispatcherServlet [] - Initializing Servlet 'dispatcherServlet'
2026-05-04 17:13:40.686 [http-nio-8080-exec-1] INFO  o.s.web.servlet.DispatcherServlet [] - Completed initialization in 0 ms
