2026-05-08 10:17:29.793 [main] INFO  o.s.b.w.e.tomcat.TomcatWebServer [] - Tomcat initialized with port 8085 (http)
2026-05-08 10:17:29.819 [main] INFO  o.a.catalina.core.StandardService [] - Starting service [Tomcat]
2026-05-08 10:17:29.820 [main] INFO  o.a.catalina.core.StandardEngine [] - Starting Servlet engine: [Apache Tomcat/10.1.20]
2026-05-08 10:17:29.940 [main] INFO  o.a.c.c.C.[Tomcat].[localhost].[/] [] - Initializing Spring embedded WebApplicationContext
2026-05-08 10:17:29.941 [main] INFO  o.s.b.w.s.c.ServletWebServerApplicationContext [] - Root WebApplicationContext: initialization completed in 1418 ms
2026-05-08 10:17:30.748 [main] INFO  o.s.b.w.e.tomcat.TomcatWebServer [] - Tomcat started on port 8085 (http) with context path ''
2026-05-08 10:18:14.660 [http-nio-8085-exec-2] INFO  o.a.c.c.C.[Tomcat].[localhost].[/] [] - Initializing Spring DispatcherServlet 'dispatcherServlet'
2026-05-08 10:18:14.660 [http-nio-8085-exec-2] INFO  o.s.web.servlet.DispatcherServlet [] - Initializing Servlet 'dispatcherServlet'
2026-05-08 10:18:14.660 [http-nio-8085-exec-2] INFO  o.s.web.servlet.DispatcherServlet [] - Completed initialization in 0 ms
2026-05-08 10:18:15.739 [http-nio-8085-exec-9] INFO  o.s.api.AbstractOpenApiResource [e84db847-c73d-43f3-97ab-2dc6480c2c54] - Init duration for springdoc-openapi is: 592 ms
2026-05-08 11:59:50.146 [main] INFO  o.s.b.w.e.tomcat.TomcatWebServer [] - Tomcat initialized with port 8085 (http)
2026-05-08 11:59:50.164 [main] INFO  o.a.catalina.core.StandardService [] - Starting service [Tomcat]
2026-05-08 11:59:50.164 [main] INFO  o.a.catalina.core.StandardEngine [] - Starting Servlet engine: [Apache Tomcat/10.1.20]
2026-05-08 11:59:50.253 [main] INFO  o.a.c.c.C.[Tomcat].[localhost].[/] [] - Initializing Spring embedded WebApplicationContext
2026-05-08 11:59:50.253 [main] INFO  o.s.b.w.s.c.ServletWebServerApplicationContext [] - Root WebApplicationContext: initialization completed in 1415 ms
2026-05-08 11:59:50.934 [main] INFO  o.s.b.w.e.tomcat.TomcatWebServer [] - Tomcat started on port 8085 (http) with context path ''
2026-05-08 12:00:04.893 [http-nio-8085-exec-1] INFO  o.a.c.c.C.[Tomcat].[localhost].[/] [] - Initializing Spring DispatcherServlet 'dispatcherServlet'
2026-05-08 12:00:04.893 [http-nio-8085-exec-1] INFO  o.s.web.servlet.DispatcherServlet [] - Initializing Servlet 'dispatcherServlet'
2026-05-08 12:00:04.897 [http-nio-8085-exec-1] INFO  o.s.web.servlet.DispatcherServlet [] - Completed initialization in 4 ms
2026-05-08 12:00:05.794 [http-nio-8085-exec-4] INFO  o.s.api.AbstractOpenApiResource [52b62053-de0a-439d-a7d1-6dab16290cc9] - Init duration for springdoc-openapi is: 561 ms
2026-05-08 12:31:00.496 [main] INFO  o.s.b.w.e.tomcat.TomcatWebServer [] - Tomcat initialized with port 8085 (http)
2026-05-08 12:31:00.506 [main] INFO  o.a.catalina.core.StandardService [] - Starting service [Tomcat]
2026-05-08 12:31:00.508 [main] INFO  o.a.catalina.core.StandardEngine [] - Starting Servlet engine: [Apache Tomcat/10.1.20]
2026-05-08 12:31:00.570 [main] INFO  o.a.c.c.C.[Tomcat].[localhost].[/] [] - Initializing Spring embedded WebApplicationContext
2026-05-08 12:31:00.570 [main] INFO  o.s.b.w.s.c.ServletWebServerApplicationContext [] - Root WebApplicationContext: initialization completed in 887 ms
2026-05-08 12:31:01.001 [main] INFO  o.s.b.w.e.tomcat.TomcatWebServer [] - Tomcat started on port 8085 (http) with context path ''
2026-05-08 12:33:22.513 [http-nio-8085-exec-1] INFO  o.a.c.c.C.[Tomcat].[localhost].[/] [] - Initializing Spring DispatcherServlet 'dispatcherServlet'
2026-05-08 12:33:22.513 [http-nio-8085-exec-1] INFO  o.s.web.servlet.DispatcherServlet [] - Initializing Servlet 'dispatcherServlet'
2026-05-08 12:33:22.513 [http-nio-8085-exec-1] INFO  o.s.web.servlet.DispatcherServlet [] - Completed initialization in 0 ms
2026-05-08 12:36:45.850 [main] INFO  o.s.b.w.e.tomcat.TomcatWebServer [] - Tomcat initialized with port 8085 (http)
2026-05-08 12:36:45.859 [main] INFO  o.a.catalina.core.StandardService [] - Starting service [Tomcat]
2026-05-08 12:36:45.859 [main] INFO  o.a.catalina.core.StandardEngine [] - Starting Servlet engine: [Apache Tomcat/10.1.20]
2026-05-08 12:36:45.905 [main] INFO  o.a.c.c.C.[Tomcat].[localhost].[/] [] - Initializing Spring embedded WebApplicationContext
2026-05-08 12:36:45.905 [main] INFO  o.s.b.w.s.c.ServletWebServerApplicationContext [] - Root WebApplicationContext: initialization completed in 750 ms
2026-05-08 12:36:46.258 [main] INFO  o.s.b.w.e.tomcat.TomcatWebServer [] - Tomcat started on port 8085 (http) with context path ''
2026-05-08 12:36:59.857 [http-nio-8085-exec-1] INFO  o.a.c.c.C.[Tomcat].[localhost].[/] [] - Initializing Spring DispatcherServlet 'dispatcherServlet'
2026-05-08 12:36:59.857 [http-nio-8085-exec-1] INFO  o.s.web.servlet.DispatcherServlet [] - Initializing Servlet 'dispatcherServlet'
2026-05-08 12:36:59.872 [http-nio-8085-exec-1] INFO  o.s.web.servlet.DispatcherServlet [] - Completed initialization in 15 ms
2026-05-08 13:31:10.567 [http-nio-8085-exec-3] INFO  o.s.api.AbstractOpenApiResource [a068fcd9-36fa-4a82-a6c4-b78721f20efa] - Init duration for springdoc-openapi is: 623 ms
