2026-05-12 08:39:17.263 [main] INFO  o.s.b.w.e.tomcat.TomcatWebServer [] - Tomcat initialized with port 8085 (http)
2026-05-12 08:39:17.287 [main] INFO  o.a.catalina.core.StandardService [] - Starting service [Tomcat]
2026-05-12 08:39:17.288 [main] INFO  o.a.catalina.core.StandardEngine [] - Starting Servlet engine: [Apache Tomcat/10.1.20]
2026-05-12 08:39:17.384 [main] INFO  o.a.c.c.C.[Tomcat].[localhost].[/] [] - Initializing Spring embedded WebApplicationContext
2026-05-12 08:39:17.385 [main] INFO  o.s.b.w.s.c.ServletWebServerApplicationContext [] - Root WebApplicationContext: initialization completed in 1568 ms
2026-05-12 08:39:18.103 [main] INFO  o.s.b.w.e.tomcat.TomcatWebServer [] - Tomcat started on port 8085 (http) with context path ''
2026-05-12 08:47:17.960 [main] INFO  o.s.b.w.e.tomcat.TomcatWebServer [] - Tomcat initialized with port 8085 (http)
2026-05-12 08:47:17.975 [main] INFO  o.a.catalina.core.StandardService [] - Starting service [Tomcat]
2026-05-12 08:47:17.975 [main] INFO  o.a.catalina.core.StandardEngine [] - Starting Servlet engine: [Apache Tomcat/10.1.20]
2026-05-12 08:47:18.026 [main] INFO  o.a.c.c.C.[Tomcat].[localhost].[/] [] - Initializing Spring embedded WebApplicationContext
2026-05-12 08:47:18.026 [main] INFO  o.s.b.w.s.c.ServletWebServerApplicationContext [] - Root WebApplicationContext: initialization completed in 794 ms
2026-05-12 08:47:18.377 [main] INFO  o.s.b.w.e.tomcat.TomcatWebServer [] - Tomcat started on port 8085 (http) with context path ''
2026-05-12 08:47:49.706 [http-nio-8085-exec-1] INFO  o.a.c.c.C.[Tomcat].[localhost].[/] [] - Initializing Spring DispatcherServlet 'dispatcherServlet'
2026-05-12 08:47:49.708 [http-nio-8085-exec-1] INFO  o.s.web.servlet.DispatcherServlet [] - Initializing Servlet 'dispatcherServlet'
2026-05-12 08:47:49.708 [http-nio-8085-exec-1] INFO  o.s.web.servlet.DispatcherServlet [] - Completed initialization in 0 ms
2026-05-12 08:53:51.097 [main] INFO  o.s.b.w.e.tomcat.TomcatWebServer [] - Tomcat initialized with port 8085 (http)
2026-05-12 08:53:51.106 [main] INFO  o.a.catalina.core.StandardService [] - Starting service [Tomcat]
2026-05-12 08:53:51.106 [main] INFO  o.a.catalina.core.StandardEngine [] - Starting Servlet engine: [Apache Tomcat/10.1.20]
2026-05-12 08:53:51.159 [main] INFO  o.a.c.c.C.[Tomcat].[localhost].[/] [] - Initializing Spring embedded WebApplicationContext
2026-05-12 08:53:51.160 [main] INFO  o.s.b.w.s.c.ServletWebServerApplicationContext [] - Root WebApplicationContext: initialization completed in 763 ms
2026-05-12 08:53:51.500 [main] INFO  o.s.b.w.e.tomcat.TomcatWebServer [] - Tomcat started on port 8085 (http) with context path ''
2026-05-12 08:54:25.053 [http-nio-8085-exec-1] INFO  o.a.c.c.C.[Tomcat].[localhost].[/] [] - Initializing Spring DispatcherServlet 'dispatcherServlet'
2026-05-12 08:54:25.053 [http-nio-8085-exec-1] INFO  o.s.web.servlet.DispatcherServlet [] - Initializing Servlet 'dispatcherServlet'
2026-05-12 08:54:25.056 [http-nio-8085-exec-1] INFO  o.s.web.servlet.DispatcherServlet [] - Completed initialization in 3 ms
2026-05-12 08:54:25.545 [http-nio-8085-exec-9] INFO  o.s.api.AbstractOpenApiResource [9eb2d064-8be8-4c0b-ac8f-bb19323ca024] - Init duration for springdoc-openapi is: 288 ms
2026-05-12 09:04:44.142 [main] INFO  o.s.b.w.e.tomcat.TomcatWebServer [] - Tomcat initialized with port 8085 (http)
2026-05-12 09:04:44.153 [main] INFO  o.a.catalina.core.StandardService [] - Starting service [Tomcat]
2026-05-12 09:04:44.153 [main] INFO  o.a.catalina.core.StandardEngine [] - Starting Servlet engine: [Apache Tomcat/10.1.20]
2026-05-12 09:04:44.208 [main] INFO  o.a.c.c.C.[Tomcat].[localhost].[/] [] - Initializing Spring embedded WebApplicationContext
2026-05-12 09:04:44.208 [main] INFO  o.s.b.w.s.c.ServletWebServerApplicationContext [] - Root WebApplicationContext: initialization completed in 762 ms
2026-05-12 09:04:44.552 [main] INFO  o.s.b.w.e.tomcat.TomcatWebServer [] - Tomcat started on port 8085 (http) with context path ''
2026-05-12 09:04:59.979 [http-nio-8085-exec-1] INFO  o.a.c.c.C.[Tomcat].[localhost].[/] [] - Initializing Spring DispatcherServlet 'dispatcherServlet'
2026-05-12 09:04:59.979 [http-nio-8085-exec-1] INFO  o.s.web.servlet.DispatcherServlet [] - Initializing Servlet 'dispatcherServlet'
2026-05-12 09:04:59.982 [http-nio-8085-exec-1] INFO  o.s.web.servlet.DispatcherServlet [] - Completed initialization in 3 ms
2026-05-12 09:14:34.783 [main] INFO  o.s.b.w.e.tomcat.TomcatWebServer [] - Tomcat initialized with port 8085 (http)
2026-05-12 09:14:34.791 [main] INFO  o.a.catalina.core.StandardService [] - Starting service [Tomcat]
2026-05-12 09:14:34.791 [main] INFO  o.a.catalina.core.StandardEngine [] - Starting Servlet engine: [Apache Tomcat/10.1.20]
2026-05-12 09:14:34.840 [main] INFO  o.a.c.c.C.[Tomcat].[localhost].[/] [] - Initializing Spring embedded WebApplicationContext
2026-05-12 09:14:34.841 [main] INFO  o.s.b.w.s.c.ServletWebServerApplicationContext [] - Root WebApplicationContext: initialization completed in 726 ms
2026-05-12 09:14:35.181 [main] INFO  o.s.b.w.e.tomcat.TomcatWebServer [] - Tomcat started on port 8085 (http) with context path ''
2026-05-12 09:14:47.520 [http-nio-8085-exec-1] INFO  o.a.c.c.C.[Tomcat].[localhost].[/] [] - Initializing Spring DispatcherServlet 'dispatcherServlet'
2026-05-12 09:14:47.520 [http-nio-8085-exec-1] INFO  o.s.web.servlet.DispatcherServlet [] - Initializing Servlet 'dispatcherServlet'
2026-05-12 09:14:47.522 [http-nio-8085-exec-1] INFO  o.s.web.servlet.DispatcherServlet [] - Completed initialization in 0 ms
